#
# A fatal error has been detected by the Java Runtime Environment:
#
#  Internal Error (classFileParser.cpp:3174), pid=6292, tid=4244
#  Error: ShouldNotReachHere()
#
# JRE version: 6.0_18-b07
# Java VM: Java HotSpot(TM) Client VM (16.0-b13 mixed mode windows-x86 )
# If you would like to submit a bug report, please visit:
#   http://java.sun.com/webapps/bugreport/crash.jsp
#

---------------  T H R E A D  ---------------

Current thread (0x011ca000):  JavaThread "Unknown thread" [_thread_in_vm, id=4244, stack(0x00330000,0x00380000)]

Stack: [0x00330000,0x00380000],  sp=0x0037f880,  free space=13e0037f890k
Native frames: (J=compiled Java code, j=interpreted, Vv=VM code, C=native code)
V  [jvm.dll+0x1f4000]
V  [jvm.dll+0xa1d79]
V  [jvm.dll+0x74ab1]
V  [jvm.dll+0x76154]
V  [jvm.dll+0x1c2395]
V  [jvm.dll+0x1c2acd]
V  [jvm.dll+0x1c2e85]
V  [jvm.dll+0x1c2ecb]
V  [jvm.dll+0x1c2ff2]
V  [jvm.dll+0x1c306a]
V  [jvm.dll+0x1c351d]
V  [jvm.dll+0x1c3922]
V  [jvm.dll+0x1e3ed3]
V  [jvm.dll+0x1e42ac]
V  [jvm.dll+0xd88c1]
V  [jvm.dll+0x1ddae8]
V  [jvm.dll+0x1030a0]
C  [javaw.exe+0x1657]
C  [javaw.exe+0x1e2c]
C  [javaw.exe+0x8614]
C  [kernel32.dll+0x51114]
C  [ntdll.dll+0x5b429]
C  [ntdll.dll+0x5b3fc]


---------------  P R O C E S S  ---------------

Java Threads: ( => current thread )

Other Threads:

=>0x011ca000 (exited) JavaThread "Unknown thread" [_thread_in_vm, id=4244, stack(0x00330000,0x00380000)]

VM state:not at safepoint (not fully initialized)

VM Mutex/Monitor currently owned by a thread: None

Dynamic libraries:
0x00400000 - 0x00424000 	C:\Program Files\Java\jdk1.6.0_18\bin\javaw.exe
0x77800000 - 0x7793d000 	C:\Windows\SYSTEM32\ntdll.dll
0x773e0000 - 0x774b4000 	C:\Windows\system32\kernel32.dll
0x75ab0000 - 0x75afa000 	C:\Windows\system32\KERNELBASE.dll
0x75d30000 - 0x75dd0000 	C:\Windows\system32\ADVAPI32.dll
0x763f0000 - 0x7649c000 	C:\Windows\system32\msvcrt.dll
0x76500000 - 0x76519000 	C:\Windows\SYSTEM32\sechost.dll
0x75e60000 - 0x75f01000 	C:\Windows\system32\RPCRT4.dll
0x76310000 - 0x763d9000 	C:\Windows\system32\USER32.dll
0x77940000 - 0x7798e000 	C:\Windows\system32\GDI32.dll
0x763e0000 - 0x763ea000 	C:\Windows\system32\LPK.dll
0x760b0000 - 0x7614d000 	C:\Windows\system32\USP10.dll
0x77990000 - 0x779af000 	C:\Windows\system32\IMM32.DLL
0x75c50000 - 0x75d1c000 	C:\Windows\system32\MSCTF.dll
0x7c340000 - 0x7c396000 	C:\Program Files\Java\jdk1.6.0_18\jre\bin\msvcr71.dll
0x6d8b0000 - 0x6db47000 	C:\Program Files\Java\jdk1.6.0_18\jre\bin\client\jvm.dll
0x73e80000 - 0x73eb2000 	C:\Windows\system32\WINMM.dll
0x75880000 - 0x758cb000 	C:\Windows\system32\apphelp.dll
0x6d860000 - 0x6d86c000 	C:\Program Files\Java\jdk1.6.0_18\jre\bin\verify.dll
0x6d3e0000 - 0x6d3ff000 	C:\Program Files\Java\jdk1.6.0_18\jre\bin\java.dll
0x6d340000 - 0x6d348000 	C:\Program Files\Java\jdk1.6.0_18\jre\bin\hpi.dll
0x779b0000 - 0x779b5000 	C:\Windows\system32\PSAPI.DLL
0x6d430000 - 0x6d459000 	C:\Program Files\Java\jdk1.6.0_18\jre\bin\jdwp.dll
0x6d750000 - 0x6d756000 	C:\Program Files\Java\jdk1.6.0_18\jre\bin\npt.dll
0x6d8a0000 - 0x6d8af000 	C:\Program Files\Java\jdk1.6.0_18\jre\bin\zip.dll

VM Arguments:
jvm_args: -agentlib:jdwp=transport=dt_socket,suspend=y,address=localhost:60132 -Dvce.launchers=org.eclipse.ve.internal.java.vce.launcher.remotevm.JFCLauncher -Dvce.launcher.class=com.pd.odls.test.TestHistoryListActivity -Dfile.encoding=Cp1252 -Xbootclasspath:D:\Utilities\Android\android-sdk_r06-windows\android-sdk-windows\platforms\android-8\android.jar 
java_command: org.eclipse.ve.internal.java.vce.launcher.remotevm.JavaBeansLauncher
Launcher Type: SUN_STANDARD

Environment Variables:
JRE_HOME=C:\Program Files\Java\jdk1.6.0_18
CLASSPATH=.;C:\Program Files\QuickTime\QTSystem\QTJava.zip
PATH=C:\Program Files\Java\jdk1.6.0_18\jre\bin;C:/Program Files/Java/jdk1.6.0_18/bin/../jre/bin/client;C:/Program Files/Java/jdk1.6.0_18/bin/../jre/bin;C:\Program Files\Common Files\Microsoft Shared\Windows Live;C:\Program Files\Common Files\NetSarang;C:\Windows\system32;C:\Windows;C:\Windows\System32\Wbem;C:\Windows\System32\WindowsPowerShell\v1.0\;C:\Program Files\Common Files\Roxio Shared\10.0\DLLShared\;C:\Program Files\Common Files\Roxio Shared\DLLShared\;C:\Program Files\Common Files\Roxio Shared\DLLShared\;C:\Program Files\Common Files\Roxio Shared\10.0\DLLShared\;C:\Program Files\Lenovo\Access Connections\;C:\Program Files\ATI Technologies\ATI.ACE\Core-Static;C:\Program Files\Common Files\Lenovo;C:\Program Files\Microsoft SQL Server\90\Tools\binn\;C:\Program Files\MySQL\MySQL Server 5.1\bin;C:\Program Files\Common Files\Thunder Network\KanKan\Codecs;C:\Program Files\MATLAB\R2008a\bin;C:\Program Files\MATLAB\R2008a\bin\win32;D:\Utilities\Android\android-sdk_r06-windows\android-sdk-windows\tools;C:\Program Files\QuickTime\QTSystem\;C:\Program Files\Windows Live\Shared\;C:\Windows\twain_32\MF3200\;D:\Utilities\Android\android-sdk_r06-windows\android-sdk-windows\platform-tools;C:\Program Files\IDM Computer Solutions\UltraEdit\;C:\Program Files\IDM Computer Solutions\UltraCompare\;C:\Program Files\Java\jdk1.6.0_18\bin;C:\Program Files\SSH Communications Security\SSH Secure Shell
USERNAME=Pan
OS=Windows_NT
PROCESSOR_IDENTIFIER=x86 Family 6 Model 23 Stepping 10, GenuineIntel



---------------  S Y S T E M  ---------------

OS: Windows 7 Build 7600 

CPU:total 2 (2 cores per cpu, 1 threads per core) family 6 model 23 stepping 10, cmov, cx8, fxsr, mmx, sse, sse2, sse3, ssse3, sse4.1

Memory: 4k page, physical 3139608k(908088k free), swap 6277452k(3252424k free)

vm_info: Java HotSpot(TM) Client VM (16.0-b13) for windows-x86 JRE (1.6.0_18-b07), built on Dec 17 2009 13:35:55 by "java_re" with MS VC++ 7.1 (VS2003)

time: Fri Sep 16 00:12:18 2011
elapsed time: 0 seconds

